Copyright 1986-2022 Xilinx, Inc. All Rights Reserved.
------------------------------------------------------------------------------------------------
| Tool Version : Vivado v.2022.2 (lin64) Build 3671981 Fri Oct 14 04:59:54 MDT 2022
| Date         : Wed May 29 14:51:17 2024
| Host         : fedora running 64-bit unknown
| Command      : report_control_sets -verbose -file ConvolutionCop_v1_0_control_sets_placed.rpt
| Design       : ConvolutionCop_v1_0
| Device       : xc7a100t
------------------------------------------------------------------------------------------------

Control Set Information

Table of Contents
-----------------
1. Summary
2. Histogram
3. Flip-Flop Distribution
4. Detailed Control Set Information

1. Summary
----------

+----------------------------------------------------------+-------+
|                          Status                          | Count |
+----------------------------------------------------------+-------+
| Total control sets                                       |    21 |
|    Minimum number of control sets                        |    21 |
|    Addition due to synthesis replication                 |     0 |
|    Addition due to physical synthesis replication        |     0 |
| Unused register locations in slices containing registers |    13 |
+----------------------------------------------------------+-------+
* Control sets can be merged at opt_design using control_set_merge or merge_equivalent_drivers
** Run report_qor_suggestions for automated merging and remapping suggestions


2. Histogram
------------

+--------------------+-------+
|       Fanout       | Count |
+--------------------+-------+
| Total control sets |    21 |
| >= 0 to < 4        |     2 |
| >= 4 to < 6        |     0 |
| >= 6 to < 8        |     0 |
| >= 8 to < 10       |    16 |
| >= 10 to < 12      |     0 |
| >= 12 to < 14      |     0 |
| >= 14 to < 16      |     0 |
| >= 16              |     3 |
+--------------------+-------+
* Control sets can be remapped at either synth_design or opt_design


3. Flip-Flop Distribution
-------------------------

+--------------+-----------------------+------------------------+-----------------+--------------+
| Clock Enable | Synchronous Set/Reset | Asynchronous Set/Reset | Total Registers | Total Slices |
+--------------+-----------------------+------------------------+-----------------+--------------+
| No           | No                    | No                     |               0 |            0 |
| No           | No                    | Yes                    |               0 |            0 |
| No           | Yes                   | No                     |              39 |           14 |
| Yes          | No                    | No                     |               0 |            0 |
| Yes          | No                    | Yes                    |               0 |            0 |
| Yes          | Yes                   | No                     |             196 |           52 |
+--------------+-----------------------+------------------------+-----------------+--------------+


4. Detailed Control Set Information
-----------------------------------

+-------------------------+-------------------------------------------------------------------+----------------------------------------+------------------+----------------+--------------+
|       Clock Signal      |                           Enable Signal                           |            Set/Reset Signal            | Slice Load Count | Bel Load Count | Bels / Slice |
+-------------------------+-------------------------------------------------------------------+----------------------------------------+------------------+----------------+--------------+
|  s00_axi_aclk_IBUF_BUFG | ConvolutionCop_v1_0_S00_AXI_inst/axi_awready0                     | ConvolutionCop_v1_0_S00_AXI_inst/clear |                1 |              2 |         2.00 |
|  s00_axi_aclk_IBUF_BUFG | ConvolutionCop_v1_0_S00_AXI_inst/axi_arready0                     | ConvolutionCop_v1_0_S00_AXI_inst/clear |                1 |              2 |         2.00 |
|  s00_axi_aclk_IBUF_BUFG | ConvolutionCop_v1_0_S00_AXI_inst/p_1_in[31]                       | ConvolutionCop_v1_0_S00_AXI_inst/clear |                2 |              8 |         4.00 |
|  s00_axi_aclk_IBUF_BUFG | ConvolutionCop_v1_0_S00_AXI_inst/p_1_in[23]                       | ConvolutionCop_v1_0_S00_AXI_inst/clear |                1 |              8 |         8.00 |
|  s00_axi_aclk_IBUF_BUFG | ConvolutionCop_v1_0_S00_AXI_inst/slv_reg0[7]_i_1_n_0              | ConvolutionCop_v1_0_S00_AXI_inst/clear |                3 |              8 |         2.67 |
|  s00_axi_aclk_IBUF_BUFG | ConvolutionCop_v1_0_S00_AXI_inst/slv_reg0[31]_i_1_n_0             | ConvolutionCop_v1_0_S00_AXI_inst/clear |                2 |              8 |         4.00 |
|  s00_axi_aclk_IBUF_BUFG | ConvolutionCop_v1_0_S00_AXI_inst/slv_reg0[23]_i_1_n_0             | ConvolutionCop_v1_0_S00_AXI_inst/clear |                5 |              8 |         1.60 |
|  s00_axi_aclk_IBUF_BUFG | ConvolutionCop_v1_0_S00_AXI_inst/slv_reg0[15]_i_1_n_0             | ConvolutionCop_v1_0_S00_AXI_inst/clear |                1 |              8 |         8.00 |
|  s00_axi_aclk_IBUF_BUFG | ConvolutionCop_v1_0_S00_AXI_inst/p_1_in[7]                        | ConvolutionCop_v1_0_S00_AXI_inst/clear |                2 |              8 |         4.00 |
|  s00_axi_aclk_IBUF_BUFG | ConvolutionCop_v1_0_S00_AXI_inst/slv_reg2[7]_i_1_n_0              | ConvolutionCop_v1_0_S00_AXI_inst/clear |                1 |              8 |         8.00 |
|  s00_axi_aclk_IBUF_BUFG | ConvolutionCop_v1_0_S00_AXI_inst/p_1_in[15]                       | ConvolutionCop_v1_0_S00_AXI_inst/clear |                2 |              8 |         4.00 |
|  s00_axi_aclk_IBUF_BUFG | ConvolutionCop_v1_0_S00_AXI_inst/slv_reg2[31]_i_1_n_0             | ConvolutionCop_v1_0_S00_AXI_inst/clear |                1 |              8 |         8.00 |
|  s00_axi_aclk_IBUF_BUFG | ConvolutionCop_v1_0_S00_AXI_inst/slv_reg2[23]_i_1_n_0             | ConvolutionCop_v1_0_S00_AXI_inst/clear |                1 |              8 |         8.00 |
|  s00_axi_aclk_IBUF_BUFG | ConvolutionCop_v1_0_S00_AXI_inst/slv_reg2[15]_i_1_n_0             | ConvolutionCop_v1_0_S00_AXI_inst/clear |                1 |              8 |         8.00 |
|  s00_axi_aclk_IBUF_BUFG | ConvolutionCop_v1_0_S00_AXI_inst/slv_reg1[7]_i_1_n_0              | ConvolutionCop_v1_0_S00_AXI_inst/clear |                2 |              8 |         4.00 |
|  s00_axi_aclk_IBUF_BUFG | ConvolutionCop_v1_0_S00_AXI_inst/slv_reg1[31]_i_1_n_0             | ConvolutionCop_v1_0_S00_AXI_inst/clear |                1 |              8 |         8.00 |
|  s00_axi_aclk_IBUF_BUFG | ConvolutionCop_v1_0_S00_AXI_inst/slv_reg1[23]_i_1_n_0             | ConvolutionCop_v1_0_S00_AXI_inst/clear |                2 |              8 |         4.00 |
|  s00_axi_aclk_IBUF_BUFG | ConvolutionCop_v1_0_S00_AXI_inst/slv_reg1[15]_i_1_n_0             | ConvolutionCop_v1_0_S00_AXI_inst/clear |                2 |              8 |         4.00 |
|  s00_axi_aclk_IBUF_BUFG | ConvolutionCop_v1_0_S00_AXI_inst/slv_reg_rden                     | ConvolutionCop_v1_0_S00_AXI_inst/clear |               11 |             32 |         2.91 |
|  s00_axi_aclk_IBUF_BUFG | ConvolutionCop_v1_0_S00_AXI_inst/slv_convolResult_reg[31]_i_1_n_0 | ConvolutionCop_v1_0_S00_AXI_inst/clear |               10 |             32 |         3.20 |
|  s00_axi_aclk_IBUF_BUFG |                                                                   | ConvolutionCop_v1_0_S00_AXI_inst/clear |               14 |             39 |         2.79 |
+-------------------------+-------------------------------------------------------------------+----------------------------------------+------------------+----------------+--------------+


